This file contains any messages produced by compilers while
running configure, to aid debugging if configure makes a mistake.

It was created by gksu configure 2.0.2, which was
generated by GNU Autoconf 2.63.  Invocation command line was

  $ ./configure --prefix=/usr --sysconfdir=/etc --localstatedir=/var --disable-static --disable-nautilus-extension

## --------- ##
## Platform. ##
## --------- ##

hostname = virtualbox
uname -m = x86_64
uname -r = 5.19.2-arch1-1
uname -s = Linux
uname -v = #1 SMP PREEMPT_DYNAMIC Wed, 17 Aug 2022 13:48:51 +0000

/usr/bin/uname -p = unknown
/bin/uname -X     = unknown

/bin/arch              = unknown
/usr/bin/arch -k       = unknown
/usr/convex/getsysinfo = unknown
/usr/bin/hostinfo      = unknown
/bin/machine           = unknown
/usr/bin/oslevel       = unknown
/bin/universe          = unknown

PATH: /usr/local/bin
PATH: /usr/bin
PATH: /bin
PATH: /usr/local/sbin
PATH: /usr/bin/site_perl
PATH: /usr/bin/vendor_perl
PATH: /usr/bin/core_perl
PATH: /var/lib/snapd/snap/bin


## ----------- ##
## Core tests. ##
## ----------- ##

configure:2174: checking for a BSD-compatible install
configure:2242: result: /usr/bin/install -c
configure:2253: checking whether build environment is sane
configure:2296: result: yes
configure:2358: checking for gawk
configure:2374: found /usr/bin/gawk
configure:2385: result: gawk
configure:2396: checking whether make sets $(MAKE)
configure:2418: result: yes
configure:2602: checking whether to enable maintainer-specific portions of Makefiles
configure:2611: result: no
configure:2694: checking for gcc
configure:2710: found /usr/bin/gcc
configure:2721: result: gcc
configure:2953: checking for C compiler version
configure:2961: gcc --version >&5
gcc (GCC) 12.2.0
Copyright (C) 2022 Free Software Foundation, Inc.
This is free software; see the source for copying conditions.  There is NO
warranty; not even for MERCHANTABILITY or FITNESS FOR A PARTICULAR PURPOSE.

configure:2965: $? = 0
configure:2972: gcc -v >&5
Using built-in specs.
COLLECT_GCC=gcc
COLLECT_LTO_WRAPPER=/usr/lib/gcc/x86_64-pc-linux-gnu/12.2.0/lto-wrapper
Target: x86_64-pc-linux-gnu
Configured with: /build/gcc/src/gcc/configure --enable-languages=c,c++,ada,fortran,go,lto,objc,obj-c++,d --enable-bootstrap --prefix=/usr --libdir=/usr/lib --libexecdir=/usr/lib --mandir=/usr/share/man --infodir=/usr/share/info --with-bugurl=https://bugs.archlinux.org/ --with-build-config=bootstrap-lto --with-linker-hash-style=gnu --with-system-zlib --enable-__cxa_atexit --enable-cet=auto --enable-checking=release --enable-clocale=gnu --enable-default-pie --enable-default-ssp --enable-gnu-indirect-function --enable-gnu-unique-object --enable-libstdcxx-backtrace --enable-link-serialization=1 --enable-linker-build-id --enable-lto --enable-multilib --enable-plugin --enable-shared --enable-threads=posix --disable-libssp --disable-libstdcxx-pch --disable-werror
Thread model: posix
Supported LTO compression algorithms: zlib zstd
gcc version 12.2.0 (GCC) 
configure:2976: $? = 0
configure:2983: gcc -V >&5
gcc: error: unrecognized command-line option '-V'
gcc: fatal error: no input files
compilation terminated.
configure:2987: $? = 1
configure:3010: checking for C compiler default output file name
configure:3032: gcc -march=x86-64 -mtune=generic -O2 -pipe -fno-plt -fexceptions         -Wp,-D_FORTIFY_SOURCE=2 -Wformat -Werror=format-security         -fstack-clash-protection -fcf-protection  -Wl,-O1,--sort-common,--as-needed,-z,relro,-z,now conftest.c  >&5
conftest.c:9: warning: "PACKAGE" redefined
    9 | #define PACKAGE gksu
      | 
conftest.c:7: note: this is the location of the previous definition
    7 | #define PACKAGE "gksu"
      | 
conftest.c:10: warning: "VERSION" redefined
   10 | #define VERSION 2.0.2
      | 
conftest.c:8: note: this is the location of the previous definition
    8 | #define VERSION "2.0.2"
      | 
configure:3036: $? = 0
configure:3074: result: a.out
configure:3093: checking whether the C compiler works
configure:3103: ./a.out
configure:3107: $? = 0
configure:3126: result: yes
configure:3133: checking whether we are cross compiling
configure:3135: result: no
configure:3138: checking for suffix of executables
configure:3145: gcc -o conftest -march=x86-64 -mtune=generic -O2 -pipe -fno-plt -fexceptions         -Wp,-D_FORTIFY_SOURCE=2 -Wformat -Werror=format-security         -fstack-clash-protection -fcf-protection  -Wl,-O1,--sort-common,--as-needed,-z,relro,-z,now conftest.c  >&5
conftest.c:9: warning: "PACKAGE" redefined
    9 | #define PACKAGE gksu
      | 
conftest.c:7: note: this is the location of the previous definition
    7 | #define PACKAGE "gksu"
      | 
conftest.c:10: warning: "VERSION" redefined
   10 | #define VERSION 2.0.2
      | 
conftest.c:8: note: this is the location of the previous definition
    8 | #define VERSION "2.0.2"
      | 
configure:3149: $? = 0
configure:3175: result: 
configure:3181: checking for suffix of object files
configure:3207: gcc -c -march=x86-64 -mtune=generic -O2 -pipe -fno-plt -fexceptions         -Wp,-D_FORTIFY_SOURCE=2 -Wformat -Werror=format-security         -fstack-clash-protection -fcf-protection  conftest.c >&5
conftest.c:9: warning: "PACKAGE" redefined
    9 | #define PACKAGE gksu
      | 
conftest.c:7: note: this is the location of the previous definition
    7 | #define PACKAGE "gksu"
      | 
conftest.c:10: warning: "VERSION" redefined
   10 | #define VERSION 2.0.2
      | 
conftest.c:8: note: this is the location of the previous definition
    8 | #define VERSION "2.0.2"
      | 
configure:3211: $? = 0
configure:3236: result: o
configure:3240: checking whether we are using the GNU C compiler
configure:3269: gcc -c -march=x86-64 -mtune=generic -O2 -pipe -fno-plt -fexceptions         -Wp,-D_FORTIFY_SOURCE=2 -Wformat -Werror=format-security         -fstack-clash-protection -fcf-protection  conftest.c >&5
conftest.c:9: warning: "PACKAGE" redefined
    9 | #define PACKAGE gksu
      | 
conftest.c:7: note: this is the location of the previous definition
    7 | #define PACKAGE "gksu"
      | 
conftest.c:10: warning: "VERSION" redefined
   10 | #define VERSION 2.0.2
      | 
conftest.c:8: note: this is the location of the previous definition
    8 | #define VERSION "2.0.2"
      | 
configure:3276: $? = 0
configure:3293: result: yes
configure:3302: checking whether gcc accepts -g
configure:3332: gcc -c -g  conftest.c >&5
conftest.c:9: warning: "PACKAGE" redefined
    9 | #define PACKAGE gksu
      | 
conftest.c:7: note: this is the location of the previous definition
    7 | #define PACKAGE "gksu"
      | 
conftest.c:10: warning: "VERSION" redefined
   10 | #define VERSION 2.0.2
      | 
conftest.c:8: note: this is the location of the previous definition
    8 | #define VERSION "2.0.2"
      | 
configure:3339: $? = 0
configure: failed program was:
| /* confdefs.h.  */
| #define PACKAGE_NAME "gksu"
| #define PACKAGE_TARNAME "gksu"
| #define PACKAGE_VERSION "2.0.2"
| #define PACKAGE_STRING "gksu 2.0.2"
| #define PACKAGE_BUGREPORT "kov@debian.org"
| #define PACKAGE "gksu"
| #define VERSION "2.0.2"
| #define PACKAGE gksu
| #define VERSION 2.0.2
| #define GETTEXT_PACKAGE "gksu"
| /* end confdefs.h.  */
| 
| int
| main ()
| {
| 
|   ;
|   return 0;
| }
configure:3371: gcc -c   conftest.c >&5
conftest.c:9: warning: "PACKAGE" redefined
    9 | #define PACKAGE gksu
      | 
conftest.c:7: note: this is the location of the previous definition
    7 | #define PACKAGE "gksu"
      | 
conftest.c:10: warning: "VERSION" redefined
   10 | #define VERSION 2.0.2
      | 
conftest.c:8: note: this is the location of the previous definition
    8 | #define VERSION "2.0.2"
      | 
configure:3378: $? = 0
configure: failed program was:
| /* confdefs.h.  */
| #define PACKAGE_NAME "gksu"
| #define PACKAGE_TARNAME "gksu"
| #define PACKAGE_VERSION "2.0.2"
| #define PACKAGE_STRING "gksu 2.0.2"
| #define PACKAGE_BUGREPORT "kov@debian.org"
| #define PACKAGE "gksu"
| #define VERSION "2.0.2"
| #define PACKAGE gksu
| #define VERSION 2.0.2
| #define GETTEXT_PACKAGE "gksu"
| /* end confdefs.h.  */
| 
| int
| main ()
| {
| 
|   ;
|   return 0;
| }
configure:3411: gcc -c -g  conftest.c >&5
conftest.c:9: warning: "PACKAGE" redefined
    9 | #define PACKAGE gksu
      | 
conftest.c:7: note: this is the location of the previous definition
    7 | #define PACKAGE "gksu"
      | 
conftest.c:10: warning: "VERSION" redefined
   10 | #define VERSION 2.0.2
      | 
conftest.c:8: note: this is the location of the previous definition
    8 | #define VERSION "2.0.2"
      | 
configure:3418: $? = 0
configure:3440: result: yes
configure:3457: checking for gcc option to accept ISO C89
configure:3531: gcc  -c -march=x86-64 -mtune=generic -O2 -pipe -fno-plt -fexceptions         -Wp,-D_FORTIFY_SOURCE=2 -Wformat -Werror=format-security         -fstack-clash-protection -fcf-protection  conftest.c >&5
conftest.c:9: warning: "PACKAGE" redefined
    9 | #define PACKAGE gksu
      | 
conftest.c:7: note: this is the location of the previous definition
    7 | #define PACKAGE "gksu"
      | 
conftest.c:10: warning: "VERSION" redefined
   10 | #define VERSION 2.0.2
      | 
conftest.c:8: note: this is the location of the previous definition
    8 | #define VERSION "2.0.2"
      | 
configure:3538: $? = 0
configure:3561: result: none needed
configure:3590: checking for style of include used by make
configure:3618: result: GNU
configure:3646: checking dependency style of gcc
configure:3736: result: gcc3
configure:3767: checking for a BSD-compatible install
configure:3835: result: /usr/bin/install -c
configure:3924: checking build system type
configure:3942: result: x86_64-unknown-linux-gnu
configure:3964: checking host system type
configure:3979: result: x86_64-unknown-linux-gnu
configure:4001: checking for a sed that does not truncate output
configure:4057: result: /usr/bin/sed
configure:4060: checking for grep that handles long lines and -e
configure:4120: result: /usr/bin/grep
configure:4125: checking for egrep
configure:4189: result: /usr/bin/grep -E
configure:4205: checking for ld used by gcc
configure:4272: result: /usr/bin/ld
configure:4281: checking if the linker (/usr/bin/ld) is GNU ld
configure:4296: result: yes
configure:4301: checking for /usr/bin/ld option to reload object files
configure:4308: result: -r
configure:4326: checking for BSD-compatible nm
configure:4375: result: /usr/bin/nm -B
configure:4379: checking whether ln -s works
configure:4383: result: yes
configure:4390: checking how to recognize dependent libraries
configure:4576: result: pass_all
configure:4665: gcc -c -march=x86-64 -mtune=generic -O2 -pipe -fno-plt -fexceptions         -Wp,-D_FORTIFY_SOURCE=2 -Wformat -Werror=format-security         -fstack-clash-protection -fcf-protection  conftest.c >&5
configure:4668: $? = 0
configure:4825: checking how to run the C preprocessor
configure:4865: gcc -E  conftest.c
conftest.c:9: warning: "PACKAGE" redefined
    9 | #define PACKAGE gksu
      | 
conftest.c:7: note: this is the location of the previous definition
    7 | #define PACKAGE "gksu"
      | 
conftest.c:10: warning: "VERSION" redefined
   10 | #define VERSION 2.0.2
      | 
conftest.c:8: note: this is the location of the previous definition
    8 | #define VERSION "2.0.2"
      | 
configure:4872: $? = 0
configure:4903: gcc -E  conftest.c
conftest.c:9: warning: "PACKAGE" redefined
    9 | #define PACKAGE gksu
      | 
conftest.c:7: note: this is the location of the previous definition
    7 | #define PACKAGE "gksu"
      | 
conftest.c:10: warning: "VERSION" redefined
   10 | #define VERSION 2.0.2
      | 
conftest.c:8: note: this is the location of the previous definition
    8 | #define VERSION "2.0.2"
      | 
conftest.c:13:10: fatal error: ac_nonexistent.h: No such file or directory
   13 | #include <ac_nonexistent.h>
      |          ^~~~~~~~~~~~~~~~~~
compilation terminated.
configure:4910: $? = 1
configure: failed program was:
| /* confdefs.h.  */
| #define PACKAGE_NAME "gksu"
| #define PACKAGE_TARNAME "gksu"
| #define PACKAGE_VERSION "2.0.2"
| #define PACKAGE_STRING "gksu 2.0.2"
| #define PACKAGE_BUGREPORT "kov@debian.org"
| #define PACKAGE "gksu"
| #define VERSION "2.0.2"
| #define PACKAGE gksu
| #define VERSION 2.0.2
| #define GETTEXT_PACKAGE "gksu"
| /* end confdefs.h.  */
| #include <ac_nonexistent.h>
configure:4943: result: gcc -E
configure:4972: gcc -E  conftest.c
conftest.c:9: warning: "PACKAGE" redefined
    9 | #define PACKAGE gksu
      | 
conftest.c:7: note: this is the location of the previous definition
    7 | #define PACKAGE "gksu"
      | 
conftest.c:10: warning: "VERSION" redefined
   10 | #define VERSION 2.0.2
      | 
conftest.c:8: note: this is the location of the previous definition
    8 | #define VERSION "2.0.2"
      | 
configure:4979: $? = 0
configure:5010: gcc -E  conftest.c
conftest.c:9: warning: "PACKAGE" redefined
    9 | #define PACKAGE gksu
      | 
conftest.c:7: note: this is the location of the previous definition
    7 | #define PACKAGE "gksu"
      | 
conftest.c:10: warning: "VERSION" redefined
   10 | #define VERSION 2.0.2
      | 
conftest.c:8: note: this is the location of the previous definition
    8 | #define VERSION "2.0.2"
      | 
conftest.c:13:10: fatal error: ac_nonexistent.h: No such file or directory
   13 | #include <ac_nonexistent.h>
      |          ^~~~~~~~~~~~~~~~~~
compilation terminated.
configure:5017: $? = 1
configure: failed program was:
| /* confdefs.h.  */
| #define PACKAGE_NAME "gksu"
| #define PACKAGE_TARNAME "gksu"
| #define PACKAGE_VERSION "2.0.2"
| #define PACKAGE_STRING "gksu 2.0.2"
| #define PACKAGE_BUGREPORT "kov@debian.org"
| #define PACKAGE "gksu"
| #define VERSION "2.0.2"
| #define PACKAGE gksu
| #define VERSION 2.0.2
| #define GETTEXT_PACKAGE "gksu"
| /* end confdefs.h.  */
| #include <ac_nonexistent.h>
configure:5057: checking for ANSI C header files
configure:5087: gcc -c -march=x86-64 -mtune=generic -O2 -pipe -fno-plt -fexceptions         -Wp,-D_FORTIFY_SOURCE=2 -Wformat -Werror=format-security         -fstack-clash-protection -fcf-protection  conftest.c >&5
conftest.c:9: warning: "PACKAGE" redefined
    9 | #define PACKAGE gksu
      | 
conftest.c:7: note: this is the location of the previous definition
    7 | #define PACKAGE "gksu"
      | 
conftest.c:10: warning: "VERSION" redefined
   10 | #define VERSION 2.0.2
      | 
conftest.c:8: note: this is the location of the previous definition
    8 | #define VERSION "2.0.2"
      | 
configure:5094: $? = 0
conftest.c:9: warning: "PACKAGE" redefined
    9 | #define PACKAGE gksu
      | 
conftest.c:7: note: this is the location of the previous definition
    7 | #define PACKAGE "gksu"
      | 
conftest.c:10: warning: "VERSION" redefined
   10 | #define VERSION 2.0.2
      | 
conftest.c:8: note: this is the location of the previous definition
    8 | #define VERSION "2.0.2"
      | 
conftest.c:9: warning: "PACKAGE" redefined
    9 | #define PACKAGE gksu
      | 
conftest.c:7: note: this is the location of the previous definition
    7 | #define PACKAGE "gksu"
      | 
conftest.c:10: warning: "VERSION" redefined
   10 | #define VERSION 2.0.2
      | 
conftest.c:8: note: this is the location of the previous definition
    8 | #define VERSION "2.0.2"
      | 
configure:5193: gcc -o conftest -march=x86-64 -mtune=generic -O2 -pipe -fno-plt -fexceptions         -Wp,-D_FORTIFY_SOURCE=2 -Wformat -Werror=format-security         -fstack-clash-protection -fcf-protection  -Wl,-O1,--sort-common,--as-needed,-z,relro,-z,now conftest.c  >&5
conftest.c:9: warning: "PACKAGE" redefined
    9 | #define PACKAGE gksu
      | 
conftest.c:7: note: this is the location of the previous definition
    7 | #define PACKAGE "gksu"
      | 
conftest.c:10: warning: "VERSION" redefined
   10 | #define VERSION 2.0.2
      | 
conftest.c:8: note: this is the location of the previous definition
    8 | #define VERSION "2.0.2"
      | 
configure:5197: $? = 0
configure:5203: ./conftest
configure:5207: $? = 0
configure:5225: result: yes
configure:5249: checking for sys/types.h
configure:5270: gcc -c -march=x86-64 -mtune=generic -O2 -pipe -fno-plt -fexceptions         -Wp,-D_FORTIFY_SOURCE=2 -Wformat -Werror=format-security         -fstack-clash-protection -fcf-protection  conftest.c >&5
conftest.c:9: warning: "PACKAGE" redefined
    9 | #define PACKAGE gksu
      | 
conftest.c:7: note: this is the location of the previous definition
    7 | #define PACKAGE "gksu"
      | 
conftest.c:10: warning: "VERSION" redefined
   10 | #define VERSION 2.0.2
      | 
conftest.c:8: note: this is the location of the previous definition
    8 | #define VERSION "2.0.2"
      | 
configure:5277: $? = 0
configure:5294: result: yes
configure:5249: checking for sys/stat.h
configure:5270: gcc -c -march=x86-64 -mtune=generic -O2 -pipe -fno-plt -fexceptions         -Wp,-D_FORTIFY_SOURCE=2 -Wformat -Werror=format-security         -fstack-clash-protection -fcf-protection  conftest.c >&5
conftest.c:9: warning: "PACKAGE" redefined
    9 | #define PACKAGE gksu
      | 
conftest.c:7: note: this is the location of the previous definition
    7 | #define PACKAGE "gksu"
      | 
conftest.c:10: warning: "VERSION" redefined
   10 | #define VERSION 2.0.2
      | 
conftest.c:8: note: this is the location of the previous definition
    8 | #define VERSION "2.0.2"
      | 
configure:5277: $? = 0
configure:5294: result: yes
configure:5249: checking for stdlib.h
configure:5270: gcc -c -march=x86-64 -mtune=generic -O2 -pipe -fno-plt -fexceptions         -Wp,-D_FORTIFY_SOURCE=2 -Wformat -Werror=format-security         -fstack-clash-protection -fcf-protection  conftest.c >&5
conftest.c:9: warning: "PACKAGE" redefined
    9 | #define PACKAGE gksu
      | 
conftest.c:7: note: this is the location of the previous definition
    7 | #define PACKAGE "gksu"
      | 
conftest.c:10: warning: "VERSION" redefined
   10 | #define VERSION 2.0.2
      | 
conftest.c:8: note: this is the location of the previous definition
    8 | #define VERSION "2.0.2"
      | 
configure:5277: $? = 0
configure:5294: result: yes
configure:5249: checking for string.h
configure:5270: gcc -c -march=x86-64 -mtune=generic -O2 -pipe -fno-plt -fexceptions         -Wp,-D_FORTIFY_SOURCE=2 -Wformat -Werror=format-security         -fstack-clash-protection -fcf-protection  conftest.c >&5
conftest.c:9: warning: "PACKAGE" redefined
    9 | #define PACKAGE gksu
      | 
conftest.c:7: note: this is the location of the previous definition
    7 | #define PACKAGE "gksu"
      | 
conftest.c:10: warning: "VERSION" redefined
   10 | #define VERSION 2.0.2
      | 
conftest.c:8: note: this is the location of the previous definition
    8 | #define VERSION "2.0.2"
      | 
configure:5277: $? = 0
configure:5294: result: yes
configure:5249: checking for memory.h
configure:5270: gcc -c -march=x86-64 -mtune=generic -O2 -pipe -fno-plt -fexceptions         -Wp,-D_FORTIFY_SOURCE=2 -Wformat -Werror=format-security         -fstack-clash-protection -fcf-protection  conftest.c >&5
conftest.c:9: warning: "PACKAGE" redefined
    9 | #define PACKAGE gksu
      | 
conftest.c:7: note: this is the location of the previous definition
    7 | #define PACKAGE "gksu"
      | 
conftest.c:10: warning: "VERSION" redefined
   10 | #define VERSION 2.0.2
      | 
conftest.c:8: note: this is the location of the previous definition
    8 | #define VERSION "2.0.2"
      | 
configure:5277: $? = 0
configure:5294: result: yes
configure:5249: checking for strings.h
configure:5270: gcc -c -march=x86-64 -mtune=generic -O2 -pipe -fno-plt -fexceptions         -Wp,-D_FORTIFY_SOURCE=2 -Wformat -Werror=format-security         -fstack-clash-protection -fcf-protection  conftest.c >&5
conftest.c:9: warning: "PACKAGE" redefined
    9 | #define PACKAGE gksu
      | 
conftest.c:7: note: this is the location of the previous definition
    7 | #define PACKAGE "gksu"
      | 
conftest.c:10: warning: "VERSION" redefined
   10 | #define VERSION 2.0.2
      | 
conftest.c:8: note: this is the location of the previous definition
    8 | #define VERSION "2.0.2"
      | 
configure:5277: $? = 0
configure:5294: result: yes
configure:5249: checking for inttypes.h
configure:5270: gcc -c -march=x86-64 -mtune=generic -O2 -pipe -fno-plt -fexceptions         -Wp,-D_FORTIFY_SOURCE=2 -Wformat -Werror=format-security         -fstack-clash-protection -fcf-protection  conftest.c >&5
conftest.c:9: warning: "PACKAGE" redefined
    9 | #define PACKAGE gksu
      | 
conftest.c:7: note: this is the location of the previous definition
    7 | #define PACKAGE "gksu"
      | 
conftest.c:10: warning: "VERSION" redefined
   10 | #define VERSION 2.0.2
      | 
conftest.c:8: note: this is the location of the previous definition
    8 | #define VERSION "2.0.2"
      | 
configure:5277: $? = 0
configure:5294: result: yes
configure:5249: checking for stdint.h
configure:5270: gcc -c -march=x86-64 -mtune=generic -O2 -pipe -fno-plt -fexceptions         -Wp,-D_FORTIFY_SOURCE=2 -Wformat -Werror=format-security         -fstack-clash-protection -fcf-protection  conftest.c >&5
conftest.c:9: warning: "PACKAGE" redefined
    9 | #define PACKAGE gksu
      | 
conftest.c:7: note: this is the location of the previous definition
    7 | #define PACKAGE "gksu"
      | 
conftest.c:10: warning: "VERSION" redefined
   10 | #define VERSION 2.0.2
      | 
conftest.c:8: note: this is the location of the previous definition
    8 | #define VERSION "2.0.2"
      | 
configure:5277: $? = 0
configure:5294: result: yes
configure:5249: checking for unistd.h
configure:5270: gcc -c -march=x86-64 -mtune=generic -O2 -pipe -fno-plt -fexceptions         -Wp,-D_FORTIFY_SOURCE=2 -Wformat -Werror=format-security         -fstack-clash-protection -fcf-protection  conftest.c >&5
conftest.c:9: warning: "PACKAGE" redefined
    9 | #define PACKAGE gksu
      | 
conftest.c:7: note: this is the location of the previous definition
    7 | #define PACKAGE "gksu"
      | 
conftest.c:10: warning: "VERSION" redefined
   10 | #define VERSION 2.0.2
      | 
conftest.c:8: note: this is the location of the previous definition
    8 | #define VERSION "2.0.2"
      | 
configure:5277: $? = 0
configure:5294: result: yes
configure:5324: checking dlfcn.h usability
configure:5341: gcc -c -march=x86-64 -mtune=generic -O2 -pipe -fno-plt -fexceptions         -Wp,-D_FORTIFY_SOURCE=2 -Wformat -Werror=format-security         -fstack-clash-protection -fcf-protection  conftest.c >&5
conftest.c:9: warning: "PACKAGE" redefined
    9 | #define PACKAGE gksu
      | 
conftest.c:7: note: this is the location of the previous definition
    7 | #define PACKAGE "gksu"
      | 
conftest.c:10: warning: "VERSION" redefined
   10 | #define VERSION 2.0.2
      | 
conftest.c:8: note: this is the location of the previous definition
    8 | #define VERSION "2.0.2"
      | 
configure:5348: $? = 0
configure:5362: result: yes
configure:5366: checking dlfcn.h presence
configure:5381: gcc -E  conftest.c
conftest.c:9: warning: "PACKAGE" redefined
    9 | #define PACKAGE gksu
      | 
conftest.c:7: note: this is the location of the previous definition
    7 | #define PACKAGE "gksu"
      | 
conftest.c:10: warning: "VERSION" redefined
   10 | #define VERSION 2.0.2
      | 
conftest.c:8: note: this is the location of the previous definition
    8 | #define VERSION "2.0.2"
      | 
configure:5388: $? = 0
configure:5402: result: yes
configure:5435: checking for dlfcn.h
configure:5444: result: yes
configure:5517: checking for g++
configure:5533: found /usr/bin/g++
configure:5544: result: g++
configure:5571: checking for C++ compiler version
configure:5579: g++ --version >&5
g++ (GCC) 12.2.0
Copyright (C) 2022 Free Software Foundation, Inc.
This is free software; see the source for copying conditions.  There is NO
warranty; not even for MERCHANTABILITY or FITNESS FOR A PARTICULAR PURPOSE.

configure:5583: $? = 0
configure:5590: g++ -v >&5
Using built-in specs.
COLLECT_GCC=g++
COLLECT_LTO_WRAPPER=/usr/lib/gcc/x86_64-pc-linux-gnu/12.2.0/lto-wrapper
Target: x86_64-pc-linux-gnu
Configured with: /build/gcc/src/gcc/configure --enable-languages=c,c++,ada,fortran,go,lto,objc,obj-c++,d --enable-bootstrap --prefix=/usr --libdir=/usr/lib --libexecdir=/usr/lib --mandir=/usr/share/man --infodir=/usr/share/info --with-bugurl=https://bugs.archlinux.org/ --with-build-config=bootstrap-lto --with-linker-hash-style=gnu --with-system-zlib --enable-__cxa_atexit --enable-cet=auto --enable-checking=release --enable-clocale=gnu --enable-default-pie --enable-default-ssp --enable-gnu-indirect-function --enable-gnu-unique-object --enable-libstdcxx-backtrace --enable-link-serialization=1 --enable-linker-build-id --enable-lto --enable-multilib --enable-plugin --enable-shared --enable-threads=posix --disable-libssp --disable-libstdcxx-pch --disable-werror
Thread model: posix
Supported LTO compression algorithms: zlib zstd
gcc version 12.2.0 (GCC) 
configure:5594: $? = 0
configure:5601: g++ -V >&5
g++: error: unrecognized command-line option '-V'
g++: fatal error: no input files
compilation terminated.
configure:5605: $? = 1
configure:5608: checking whether we are using the GNU C++ compiler
configure:5637: g++ -c -march=x86-64 -mtune=generic -O2 -pipe -fno-plt -fexceptions         -Wp,-D_FORTIFY_SOURCE=2 -Wformat -Werror=format-security         -fstack-clash-protection -fcf-protection -Wp,-D_GLIBCXX_ASSERTIONS  conftest.cpp >&5
conftest.cpp:9: warning: "PACKAGE" redefined
    9 | #define PACKAGE gksu
      | 
conftest.cpp:7: note: this is the location of the previous definition
    7 | #define PACKAGE "gksu"
      | 
conftest.cpp:10: warning: "VERSION" redefined
   10 | #define VERSION 2.0.2
      | 
conftest.cpp:8: note: this is the location of the previous definition
    8 | #define VERSION "2.0.2"
      | 
configure:5644: $? = 0
configure:5661: result: yes
configure:5670: checking whether g++ accepts -g
configure:5700: g++ -c -g  conftest.cpp >&5
conftest.cpp:9: warning: "PACKAGE" redefined
    9 | #define PACKAGE gksu
      | 
conftest.cpp:7: note: this is the location of the previous definition
    7 | #define PACKAGE "gksu"
      | 
conftest.cpp:10: warning: "VERSION" redefined
   10 | #define VERSION 2.0.2
      | 
conftest.cpp:8: note: this is the location of the previous definition
    8 | #define VERSION "2.0.2"
      | 
configure:5707: $? = 0
configure: failed program was:
| /* confdefs.h.  */
| #define PACKAGE_NAME "gksu"
| #define PACKAGE_TARNAME "gksu"
| #define PACKAGE_VERSION "2.0.2"
| #define PACKAGE_STRING "gksu 2.0.2"
| #define PACKAGE_BUGREPORT "kov@debian.org"
| #define PACKAGE "gksu"
| #define VERSION "2.0.2"
| #define PACKAGE gksu
| #define VERSION 2.0.2
| #define GETTEXT_PACKAGE "gksu"
| #define STDC_HEADERS 1
| #define HAVE_SYS_TYPES_H 1
| #define HAVE_SYS_STAT_H 1
| #define HAVE_STDLIB_H 1
| #define HAVE_STRING_H 1
| #define HAVE_MEMORY_H 1
| #define HAVE_STRINGS_H 1
| #define HAVE_INTTYPES_H 1
| #define HAVE_STDINT_H 1
| #define HAVE_UNISTD_H 1
| #define HAVE_DLFCN_H 1
| /* end confdefs.h.  */
| 
| int
| main ()
| {
| 
|   ;
|   return 0;
| }
configure:5739: g++ -c   conftest.cpp >&5
conftest.cpp:9: warning: "PACKAGE" redefined
    9 | #define PACKAGE gksu
      | 
conftest.cpp:7: note: this is the location of the previous definition
    7 | #define PACKAGE "gksu"
      | 
conftest.cpp:10: warning: "VERSION" redefined
   10 | #define VERSION 2.0.2
      | 
conftest.cpp:8: note: this is the location of the previous definition
    8 | #define VERSION "2.0.2"
      | 
configure:5746: $? = 0
configure: failed program was:
| /* confdefs.h.  */
| #define PACKAGE_NAME "gksu"
| #define PACKAGE_TARNAME "gksu"
| #define PACKAGE_VERSION "2.0.2"
| #define PACKAGE_STRING "gksu 2.0.2"
| #define PACKAGE_BUGREPORT "kov@debian.org"
| #define PACKAGE "gksu"
| #define VERSION "2.0.2"
| #define PACKAGE gksu
| #define VERSION 2.0.2
| #define GETTEXT_PACKAGE "gksu"
| #define STDC_HEADERS 1
| #define HAVE_SYS_TYPES_H 1
| #define HAVE_SYS_STAT_H 1
| #define HAVE_STDLIB_H 1
| #define HAVE_STRING_H 1
| #define HAVE_MEMORY_H 1
| #define HAVE_STRINGS_H 1
| #define HAVE_INTTYPES_H 1
| #define HAVE_STDINT_H 1
| #define HAVE_UNISTD_H 1
| #define HAVE_DLFCN_H 1
| /* end confdefs.h.  */
| 
| int
| main ()
| {
| 
|   ;
|   return 0;
| }
configure:5779: g++ -c -g  conftest.cpp >&5
conftest.cpp:9: warning: "PACKAGE" redefined
    9 | #define PACKAGE gksu
      | 
conftest.cpp:7: note: this is the location of the previous definition
    7 | #define PACKAGE "gksu"
      | 
conftest.cpp:10: warning: "VERSION" redefined
   10 | #define VERSION 2.0.2
      | 
conftest.cpp:8: note: this is the location of the previous definition
    8 | #define VERSION "2.0.2"
      | 
configure:5786: $? = 0
configure:5808: result: yes
configure:5833: checking dependency style of g++
configure:5923: result: gcc3
configure:5950: checking how to run the C++ preprocessor
configure:5986: g++ -E  conftest.cpp
conftest.cpp:9: warning: "PACKAGE" redefined
    9 | #define PACKAGE gksu
      | 
conftest.cpp:7: note: this is the location of the previous definition
    7 | #define PACKAGE "gksu"
      | 
conftest.cpp:10: warning: "VERSION" redefined
   10 | #define VERSION 2.0.2
      | 
conftest.cpp:8: note: this is the location of the previous definition
    8 | #define VERSION "2.0.2"
      | 
configure:5993: $? = 0
configure:6024: g++ -E  conftest.cpp
conftest.cpp:9: warning: "PACKAGE" redefined
    9 | #define PACKAGE gksu
      | 
conftest.cpp:7: note: this is the location of the previous definition
    7 | #define PACKAGE "gksu"
      | 
conftest.cpp:10: warning: "VERSION" redefined
   10 | #define VERSION 2.0.2
      | 
conftest.cpp:8: note: this is the location of the previous definition
    8 | #define VERSION "2.0.2"
      | 
conftest.cpp:24:10: fatal error: ac_nonexistent.h: No such file or directory
   24 | #include <ac_nonexistent.h>
      |          ^~~~~~~~~~~~~~~~~~
compilation terminated.
configure:6031: $? = 1
configure: failed program was:
| /* confdefs.h.  */
| #define PACKAGE_NAME "gksu"
| #define PACKAGE_TARNAME "gksu"
| #define PACKAGE_VERSION "2.0.2"
| #define PACKAGE_STRING "gksu 2.0.2"
| #define PACKAGE_BUGREPORT "kov@debian.org"
| #define PACKAGE "gksu"
| #define VERSION "2.0.2"
| #define PACKAGE gksu
| #define VERSION 2.0.2
| #define GETTEXT_PACKAGE "gksu"
| #define STDC_HEADERS 1
| #define HAVE_SYS_TYPES_H 1
| #define HAVE_SYS_STAT_H 1
| #define HAVE_STDLIB_H 1
| #define HAVE_STRING_H 1
| #define HAVE_MEMORY_H 1
| #define HAVE_STRINGS_H 1
| #define HAVE_INTTYPES_H 1
| #define HAVE_STDINT_H 1
| #define HAVE_UNISTD_H 1
| #define HAVE_DLFCN_H 1
| /* end confdefs.h.  */
| #include <ac_nonexistent.h>
configure:6064: result: g++ -E
configure:6093: g++ -E  conftest.cpp
conftest.cpp:9: warning: "PACKAGE" redefined
    9 | #define PACKAGE gksu
      | 
conftest.cpp:7: note: this is the location of the previous definition
    7 | #define PACKAGE "gksu"
      | 
conftest.cpp:10: warning: "VERSION" redefined
   10 | #define VERSION 2.0.2
      | 
conftest.cpp:8: note: this is the location of the previous definition
    8 | #define VERSION "2.0.2"
      | 
configure:6100: $? = 0
configure:6131: g++ -E  conftest.cpp
conftest.cpp:9: warning: "PACKAGE" redefined
    9 | #define PACKAGE gksu
      | 
conftest.cpp:7: note: this is the location of the previous definition
    7 | #define PACKAGE "gksu"
      | 
conftest.cpp:10: warning: "VERSION" redefined
   10 | #define VERSION 2.0.2
      | 
conftest.cpp:8: note: this is the location of the previous definition
    8 | #define VERSION "2.0.2"
      | 
conftest.cpp:24:10: fatal error: ac_nonexistent.h: No such file or directory
   24 | #include <ac_nonexistent.h>
      |          ^~~~~~~~~~~~~~~~~~
compilation terminated.
configure:6138: $? = 1
configure: failed program was:
| /* confdefs.h.  */
| #define PACKAGE_NAME "gksu"
| #define PACKAGE_TARNAME "gksu"
| #define PACKAGE_VERSION "2.0.2"
| #define PACKAGE_STRING "gksu 2.0.2"
| #define PACKAGE_BUGREPORT "kov@debian.org"
| #define PACKAGE "gksu"
| #define VERSION "2.0.2"
| #define PACKAGE gksu
| #define VERSION 2.0.2
| #define GETTEXT_PACKAGE "gksu"
| #define STDC_HEADERS 1
| #define HAVE_SYS_TYPES_H 1
| #define HAVE_SYS_STAT_H 1
| #define HAVE_STDLIB_H 1
| #define HAVE_STRING_H 1
| #define HAVE_MEMORY_H 1
| #define HAVE_STRINGS_H 1
| #define HAVE_INTTYPES_H 1
| #define HAVE_STDINT_H 1
| #define HAVE_UNISTD_H 1
| #define HAVE_DLFCN_H 1
| /* end confdefs.h.  */
| #include <ac_nonexistent.h>
configure:6233: checking for g77
configure:6263: result: no
configure:6233: checking for xlf
configure:6263: result: no
configure:6233: checking for f77
configure:6263: result: no
configure:6233: checking for frt
configure:6263: result: no
configure:6233: checking for pgf77
configure:6263: result: no
configure:6233: checking for cf77
configure:6263: result: no
configure:6233: checking for fort77
configure:6263: result: no
configure:6233: checking for fl32
configure:6263: result: no
configure:6233: checking for af77
configure:6263: result: no
configure:6233: checking for xlf90
configure:6263: result: no
configure:6233: checking for f90
configure:6263: result: no
configure:6233: checking for pgf90
configure:6263: result: no
configure:6233: checking for pghpf
configure:6263: result: no
configure:6233: checking for epcf90
configure:6263: result: no
configure:6233: checking for gfortran
configure:6263: result: no
configure:6233: checking for g95
configure:6263: result: no
configure:6233: checking for xlf95
configure:6263: result: no
configure:6233: checking for f95
configure:6263: result: no
configure:6233: checking for fort
configure:6263: result: no
configure:6233: checking for ifort
configure:6263: result: no
configure:6233: checking for ifc
configure:6263: result: no
configure:6233: checking for efc
configure:6263: result: no
configure:6233: checking for pgf95
configure:6263: result: no
configure:6233: checking for lf95
configure:6263: result: no
configure:6233: checking for ftn
configure:6263: result: no
configure:6286: checking for Fortran 77 compiler version
configure:6294:  --version >&5
./configure: line 6296: --version: command not found
configure:6298: $? = 127
configure:6305:  -v >&5
./configure: line 6307: -v: command not found
configure:6309: $? = 127
configure:6316:  -V >&5
./configure: line 6318: -V: command not found
configure:6320: $? = 127
configure:6328: checking whether we are using the GNU Fortran 77 compiler
configure:6347:  -c  conftest.F >&5
./configure: line 6349: -c: command not found
configure:6354: $? = 127
configure: failed program was:
|       program main
| #ifndef __GNUC__
|        choke me
| #endif
| 
|       end
configure:6371: result: no
configure:6377: checking whether  accepts -g
configure:6394:  -c -g conftest.f >&5
./configure: line 6396: -c: command not found
configure:6401: $? = 127
configure: failed program was:
|       program main
| 
|       end
configure:6417: result: no
configure:6450: checking the maximum length of command line arguments
configure:6562: result: 1572864
configure:6574: checking command to parse /usr/bin/nm -B output from gcc object
configure:6679: gcc -c -march=x86-64 -mtune=generic -O2 -pipe -fno-plt -fexceptions         -Wp,-D_FORTIFY_SOURCE=2 -Wformat -Werror=format-security         -fstack-clash-protection -fcf-protection  conftest.c >&5
configure:6682: $? = 0
configure:6686: /usr/bin/nm -B conftest.o \| sed -n -e 's/^.*[ 	]\([ABCDGIRSTW][ABCDGIRSTW]*\)[ 	][ 	]*\([_A-Za-z][_A-Za-z0-9]*\)$/\1 \2 \2/p' \> conftest.nm
configure:6689: $? = 0
configure:6741: gcc -o conftest -march=x86-64 -mtune=generic -O2 -pipe -fno-plt -fexceptions         -Wp,-D_FORTIFY_SOURCE=2 -Wformat -Werror=format-security         -fstack-clash-protection -fcf-protection  -Wl,-O1,--sort-common,--as-needed,-z,relro,-z,now conftest.c conftstm.o >&5
configure:6744: $? = 0
configure:6782: result: ok
configure:6786: checking for objdir
configure:6801: result: .libs
configure:6893: checking for ar
configure:6909: found /usr/bin/ar
configure:6920: result: ar
configure:6985: checking for ranlib
configure:7001: found /usr/bin/ranlib
configure:7012: result: ranlib
configure:7077: checking for strip
configure:7093: found /usr/bin/strip
configure:7104: result: strip
configure:7694: checking if gcc supports -fno-rtti -fno-exceptions
configure:7712: gcc -c -march=x86-64 -mtune=generic -O2 -pipe -fno-plt -fexceptions         -Wp,-D_FORTIFY_SOURCE=2 -Wformat -Werror=format-security         -fstack-clash-protection -fcf-protection  -fno-rtti -fno-exceptions conftest.c >&5
cc1: warning: command-line option '-fno-rtti' is valid for C++/D/ObjC++ but not for C
configure:7716: $? = 0
configure:7729: result: no
configure:7744: checking for gcc option to produce PIC
configure:7976: result: -fPIC
configure:7984: checking if gcc PIC flag -fPIC works
configure:8002: gcc -c -march=x86-64 -mtune=generic -O2 -pipe -fno-plt -fexceptions         -Wp,-D_FORTIFY_SOURCE=2 -Wformat -Werror=format-security         -fstack-clash-protection -fcf-protection  -fPIC -DPIC conftest.c >&5
configure:8006: $? = 0
configure:8019: result: yes
configure:8047: checking if gcc static flag -static works
configure:8075: result: yes
configure:8085: checking if gcc supports -c -o file.o
configure:8106: gcc -c -march=x86-64 -mtune=generic -O2 -pipe -fno-plt -fexceptions         -Wp,-D_FORTIFY_SOURCE=2 -Wformat -Werror=format-security         -fstack-clash-protection -fcf-protection  -o out/conftest2.o conftest.c >&5
configure:8110: $? = 0
configure:8132: result: yes
configure:8158: checking whether the gcc linker (/usr/bin/ld -m elf_x86_64) supports shared libraries
configure:9147: result: yes
configure:9168: checking whether -lc should be explicitly linked in
configure:9173: gcc -c -march=x86-64 -mtune=generic -O2 -pipe -fno-plt -fexceptions         -Wp,-D_FORTIFY_SOURCE=2 -Wformat -Werror=format-security         -fstack-clash-protection -fcf-protection  conftest.c >&5
configure:9176: $? = 0
configure:9191: gcc -shared conftest.o  -v -Wl,-soname -Wl,conftest -o conftest 2\>\&1 \| grep  -lc  \>/dev/null 2\>\&1
configure:9194: $? = 0
configure:9206: result: no
configure:9214: checking dynamic linker characteristics
configure:9828: result: GNU/Linux ld.so
configure:9852: checking how to hardcode library paths into programs
configure:9877: result: immediate
configure:9891: checking whether stripping libraries is possible
configure:9896: result: yes
configure:10726: checking if libtool supports shared libraries
configure:10728: result: yes
configure:10731: checking whether to build shared libraries
configure:10752: result: yes
configure:10755: checking whether to build static libraries
configure:10759: result: no
configure:10853: creating libtool
configure:11446: checking for ld used by g++
configure:11513: result: /usr/bin/ld -m elf_x86_64
configure:11522: checking if the linker (/usr/bin/ld -m elf_x86_64) is GNU ld
configure:11537: result: yes
configure:11588: checking whether the g++ linker (/usr/bin/ld -m elf_x86_64) supports shared libraries
configure:12542: result: yes
configure:12559: g++ -c -march=x86-64 -mtune=generic -O2 -pipe -fno-plt -fexceptions         -Wp,-D_FORTIFY_SOURCE=2 -Wformat -Werror=format-security         -fstack-clash-protection -fcf-protection -Wp,-D_GLIBCXX_ASSERTIONS  conftest.cpp >&5
configure:12562: $? = 0
configure:12718: checking for g++ option to produce PIC
configure:13002: result: -fPIC
configure:13010: checking if g++ PIC flag -fPIC works
configure:13028: g++ -c -march=x86-64 -mtune=generic -O2 -pipe -fno-plt -fexceptions         -Wp,-D_FORTIFY_SOURCE=2 -Wformat -Werror=format-security         -fstack-clash-protection -fcf-protection -Wp,-D_GLIBCXX_ASSERTIONS  -fPIC -DPIC conftest.cpp >&5
configure:13032: $? = 0
configure:13045: result: yes
configure:13073: checking if g++ static flag -static works
configure:13101: result: yes
configure:13111: checking if g++ supports -c -o file.o
configure:13132: g++ -c -march=x86-64 -mtune=generic -O2 -pipe -fno-plt -fexceptions         -Wp,-D_FORTIFY_SOURCE=2 -Wformat -Werror=format-security         -fstack-clash-protection -fcf-protection -Wp,-D_GLIBCXX_ASSERTIONS  -o out/conftest2.o conftest.cpp >&5
configure:13136: $? = 0
configure:13158: result: yes
configure:13184: checking whether the g++ linker (/usr/bin/ld -m elf_x86_64) supports shared libraries
configure:13213: result: yes
configure:13280: checking dynamic linker characteristics
configure:13842: result: GNU/Linux ld.so
configure:13866: checking how to hardcode library paths into programs
configure:13891: result: immediate
configure:20158: checking whether NLS is requested
configure:20167: result: yes
configure:20201: checking for intltool-update
configure:20219: found /usr/bin/intltool-update
configure:20231: result: /usr/bin/intltool-update
configure:20241: checking for intltool-merge
configure:20259: found /usr/bin/intltool-merge
configure:20271: result: /usr/bin/intltool-merge
configure:20281: checking for intltool-extract
configure:20299: found /usr/bin/intltool-extract
configure:20311: result: /usr/bin/intltool-extract
configure:20368: checking for xgettext
configure:20386: found /usr/bin/xgettext
configure:20398: result: /usr/bin/xgettext
configure:20408: checking for msgmerge
configure:20426: found /usr/bin/msgmerge
configure:20438: result: /usr/bin/msgmerge
configure:20448: checking for msgfmt
configure:20466: found /usr/bin/msgfmt
configure:20478: result: /usr/bin/msgfmt
configure:20488: checking for gmsgfmt
configure:20519: result: /usr/bin/msgfmt
configure:20543: checking for perl
configure:20561: found /usr/bin/perl
configure:20573: result: /usr/bin/perl
configure:20592: checking for XML::Parser
configure:20595: result: ok
configure:20632: gcc -o conftest -march=x86-64 -mtune=generic -O2 -pipe -fno-plt -fexceptions         -Wp,-D_FORTIFY_SOURCE=2 -Wformat -Werror=format-security         -fstack-clash-protection -fcf-protection  -Wl,-O1,--sort-common,--as-needed,-z,relro,-z,now conftest.c  >&5
conftest.c:9: warning: "PACKAGE" redefined
    9 | #define PACKAGE gksu
      | 
conftest.c:7: note: this is the location of the previous definition
    7 | #define PACKAGE "gksu"
      | 
conftest.c:10: warning: "VERSION" redefined
   10 | #define VERSION 2.0.2
      | 
conftest.c:8: note: this is the location of the previous definition
    8 | #define VERSION "2.0.2"
      | 
configure:20639: $? = 0
configure:20778: checking locale.h usability
configure:20795: gcc -c -march=x86-64 -mtune=generic -O2 -pipe -fno-plt -fexceptions         -Wp,-D_FORTIFY_SOURCE=2 -Wformat -Werror=format-security         -fstack-clash-protection -fcf-protection  conftest.c >&5
conftest.c:9: warning: "PACKAGE" redefined
    9 | #define PACKAGE gksu
      | 
conftest.c:7: note: this is the location of the previous definition
    7 | #define PACKAGE "gksu"
      | 
conftest.c:10: warning: "VERSION" redefined
   10 | #define VERSION 2.0.2
      | 
conftest.c:8: note: this is the location of the previous definition
    8 | #define VERSION "2.0.2"
      | 
configure:20802: $? = 0
configure:20816: result: yes
configure:20820: checking locale.h presence
configure:20835: gcc -E  conftest.c
conftest.c:9: warning: "PACKAGE" redefined
    9 | #define PACKAGE gksu
      | 
conftest.c:7: note: this is the location of the previous definition
    7 | #define PACKAGE "gksu"
      | 
conftest.c:10: warning: "VERSION" redefined
   10 | #define VERSION 2.0.2
      | 
conftest.c:8: note: this is the location of the previous definition
    8 | #define VERSION "2.0.2"
      | 
configure:20842: $? = 0
configure:20856: result: yes
configure:20889: checking for locale.h
configure:20898: result: yes
configure:20914: checking for LC_MESSAGES
configure:20940: gcc -o conftest -march=x86-64 -mtune=generic -O2 -pipe -fno-plt -fexceptions         -Wp,-D_FORTIFY_SOURCE=2 -Wformat -Werror=format-security         -fstack-clash-protection -fcf-protection  -Wl,-O1,--sort-common,--as-needed,-z,relro,-z,now conftest.c  >&5
conftest.c:9: warning: "PACKAGE" redefined
    9 | #define PACKAGE gksu
      | 
conftest.c:7: note: this is the location of the previous definition
    7 | #define PACKAGE "gksu"
      | 
conftest.c:10: warning: "VERSION" redefined
   10 | #define VERSION 2.0.2
      | 
conftest.c:8: note: this is the location of the previous definition
    8 | #define VERSION "2.0.2"
      | 
configure:20947: $? = 0
configure:20967: result: yes
configure:20996: checking libintl.h usability
configure:21013: gcc -c -march=x86-64 -mtune=generic -O2 -pipe -fno-plt -fexceptions         -Wp,-D_FORTIFY_SOURCE=2 -Wformat -Werror=format-security         -fstack-clash-protection -fcf-protection  conftest.c >&5
conftest.c:9: warning: "PACKAGE" redefined
    9 | #define PACKAGE gksu
      | 
conftest.c:7: note: this is the location of the previous definition
    7 | #define PACKAGE "gksu"
      | 
conftest.c:10: warning: "VERSION" redefined
   10 | #define VERSION 2.0.2
      | 
conftest.c:8: note: this is the location of the previous definition
    8 | #define VERSION "2.0.2"
      | 
configure:21020: $? = 0
configure:21034: result: yes
configure:21038: checking libintl.h presence
configure:21053: gcc -E  conftest.c
conftest.c:9: warning: "PACKAGE" redefined
    9 | #define PACKAGE gksu
      | 
conftest.c:7: note: this is the location of the previous definition
    7 | #define PACKAGE "gksu"
      | 
conftest.c:10: warning: "VERSION" redefined
   10 | #define VERSION 2.0.2
      | 
conftest.c:8: note: this is the location of the previous definition
    8 | #define VERSION "2.0.2"
      | 
configure:21060: $? = 0
configure:21074: result: yes
configure:21107: checking for libintl.h
configure:21114: result: yes
configure:21125: checking for ngettext in libc
configure:21153: gcc -o conftest -march=x86-64 -mtune=generic -O2 -pipe -fno-plt -fexceptions         -Wp,-D_FORTIFY_SOURCE=2 -Wformat -Werror=format-security         -fstack-clash-protection -fcf-protection  -Wl,-O1,--sort-common,--as-needed,-z,relro,-z,now conftest.c  >&5
conftest.c:9: warning: "PACKAGE" redefined
    9 | #define PACKAGE gksu
      | 
conftest.c:7: note: this is the location of the previous definition
    7 | #define PACKAGE "gksu"
      | 
conftest.c:10: warning: "VERSION" redefined
   10 | #define VERSION 2.0.2
      | 
conftest.c:8: note: this is the location of the previous definition
    8 | #define VERSION "2.0.2"
      | 
configure:21160: $? = 0
configure:21181: result: yes
configure:21185: checking for dgettext in libc
configure:21213: gcc -o conftest -march=x86-64 -mtune=generic -O2 -pipe -fno-plt -fexceptions         -Wp,-D_FORTIFY_SOURCE=2 -Wformat -Werror=format-security         -fstack-clash-protection -fcf-protection  -Wl,-O1,--sort-common,--as-needed,-z,relro,-z,now conftest.c  >&5
conftest.c:9: warning: "PACKAGE" redefined
    9 | #define PACKAGE gksu
      | 
conftest.c:7: note: this is the location of the previous definition
    7 | #define PACKAGE "gksu"
      | 
conftest.c:10: warning: "VERSION" redefined
   10 | #define VERSION 2.0.2
      | 
conftest.c:8: note: this is the location of the previous definition
    8 | #define VERSION "2.0.2"
      | 
configure:21220: $? = 0
configure:21241: result: yes
configure:21250: checking for bind_textdomain_codeset
configure:21306: gcc -o conftest -march=x86-64 -mtune=generic -O2 -pipe -fno-plt -fexceptions         -Wp,-D_FORTIFY_SOURCE=2 -Wformat -Werror=format-security         -fstack-clash-protection -fcf-protection  -Wl,-O1,--sort-common,--as-needed,-z,relro,-z,now conftest.c  >&5
conftest.c:9: warning: "PACKAGE" redefined
    9 | #define PACKAGE gksu
      | 
conftest.c:7: note: this is the location of the previous definition
    7 | #define PACKAGE "gksu"
      | 
conftest.c:10: warning: "VERSION" redefined
   10 | #define VERSION 2.0.2
      | 
conftest.c:8: note: this is the location of the previous definition
    8 | #define VERSION "2.0.2"
      | 
configure:21313: $? = 0
configure:21335: result: yes
configure:21851: checking for msgfmt
configure:21878: result: /usr/bin/msgfmt
configure:21891: checking for dcgettext
configure:21947: gcc -o conftest -march=x86-64 -mtune=generic -O2 -pipe -fno-plt -fexceptions         -Wp,-D_FORTIFY_SOURCE=2 -Wformat -Werror=format-security         -fstack-clash-protection -fcf-protection  -Wl,-O1,--sort-common,--as-needed,-z,relro,-z,now conftest.c   >&5
conftest.c:9: warning: "PACKAGE" redefined
    9 | #define PACKAGE gksu
      | 
conftest.c:7: note: this is the location of the previous definition
    7 | #define PACKAGE "gksu"
      | 
conftest.c:10: warning: "VERSION" redefined
   10 | #define VERSION 2.0.2
      | 
conftest.c:8: note: this is the location of the previous definition
    8 | #define VERSION "2.0.2"
      | 
conftest.c:51:6: warning: conflicting types for built-in function 'dcgettext'; expected 'char *(const char *, const char *, int)' [-Wbuiltin-declaration-mismatch]
   51 | char dcgettext ();
      |      ^~~~~~~~~
configure:21954: $? = 0
configure:21976: result: yes
configure:21989: checking if msgfmt accepts -c
configure:22004: $MSGFMT -c -o /dev/null conftest.foo
conftest.foo:3: warning: header field 'Language' missing in header
configure:22007: $? = 0
configure:22009: result: yes
configure:22019: checking for gmsgfmt
configure:22050: result: /usr/bin/msgfmt
configure:22060: checking for xgettext
configure:22087: result: /usr/bin/xgettext
configure:22116: gcc -o conftest -march=x86-64 -mtune=generic -O2 -pipe -fno-plt -fexceptions         -Wp,-D_FORTIFY_SOURCE=2 -Wformat -Werror=format-security         -fstack-clash-protection -fcf-protection  -Wl,-O1,--sort-common,--as-needed,-z,relro,-z,now conftest.c   >&5
conftest.c:9: warning: "PACKAGE" redefined
    9 | #define PACKAGE gksu
      | 
conftest.c:7: note: this is the location of the previous definition
    7 | #define PACKAGE "gksu"
      | 
conftest.c:10: warning: "VERSION" redefined
   10 | #define VERSION 2.0.2
      | 
conftest.c:8: note: this is the location of the previous definition
    8 | #define VERSION "2.0.2"
      | 
configure:22123: $? = 0
configure:22299: checking for catalogs to be installed
configure:22324: result:  ar ca cs da de es fr gl hu it ja ko lt pl pt pt_BR ro ru nb nl sk sv xh th zh_CN
configure:22378: checking for gconftool-2
configure:22396: found /usr/bin/gconftool-2
configure:22408: result: /usr/bin/gconftool-2
configure:22431: result: Using config source xml:merged:/etc/gconf/gconf.xml.defaults for schema installation
configure:22446: result: Using $(sysconfdir)/gconf/schemas as install directory for schema files
configure:22520: checking for pkg-config
configure:22538: found /usr/bin/pkg-config
configure:22550: result: /usr/bin/pkg-config
configure:22575: checking pkg-config is at least version 0.9.0
configure:22578: result: yes
configure:22589: checking for GKSU
configure:22597: $PKG_CONFIG --exists --print-errors "libgksu2 >= 2.0.8, gtk+-2.0 >= 2.4.0"
configure:22600: $? = 0
configure:22615: $PKG_CONFIG --exists --print-errors "libgksu2 >= 2.0.8, gtk+-2.0 >= 2.4.0"
configure:22618: $? = 0
configure:22696: result: yes
configure:22702: checking gtk-doc version >= 1.0
configure:22705: result: yes
configure:23034: creating ./config.status

## ---------------------- ##
## Running config.status. ##
## ---------------------- ##

This file was extended by gksu config.status 2.0.2, which was
generated by GNU Autoconf 2.63.  Invocation command line was

  CONFIG_FILES    = 
  CONFIG_HEADERS  = 
  CONFIG_LINKS    = 
  CONFIG_COMMANDS = 
  $ ./config.status 

on virtualbox

config.status:897: creating Makefile
config.status:897: creating po/Makefile.in
config.status:897: creating man/Makefile
config.status:897: creating gksu/Makefile
config.status:897: creating nautilus-gksu/Makefile
config.status:897: creating config.h
config.status:1164: executing depfiles commands
config.status:1164: executing default-1 commands
config.status:1164: executing po/stamp-it commands

## ---------------- ##
## Cache variables. ##
## ---------------- ##

ac_cv_build=x86_64-unknown-linux-gnu
ac_cv_c_compiler_gnu=yes
ac_cv_cxx_compiler_gnu=yes
ac_cv_env_CCC_set=
ac_cv_env_CCC_value=
ac_cv_env_CC_set=
ac_cv_env_CC_value=
ac_cv_env_CFLAGS_set=set
ac_cv_env_CFLAGS_value='-march=x86-64 -mtune=generic -O2 -pipe -fno-plt -fexceptions         -Wp,-D_FORTIFY_SOURCE=2 -Wformat -Werror=format-security         -fstack-clash-protection -fcf-protection'
ac_cv_env_CPPFLAGS_set=
ac_cv_env_CPPFLAGS_value=
ac_cv_env_CPP_set=
ac_cv_env_CPP_value=
ac_cv_env_CXXCPP_set=
ac_cv_env_CXXCPP_value=
ac_cv_env_CXXFLAGS_set=set
ac_cv_env_CXXFLAGS_value='-march=x86-64 -mtune=generic -O2 -pipe -fno-plt -fexceptions         -Wp,-D_FORTIFY_SOURCE=2 -Wformat -Werror=format-security         -fstack-clash-protection -fcf-protection -Wp,-D_GLIBCXX_ASSERTIONS'
ac_cv_env_CXX_set=
ac_cv_env_CXX_value=
ac_cv_env_F77_set=
ac_cv_env_F77_value=
ac_cv_env_FFLAGS_set=
ac_cv_env_FFLAGS_value=
ac_cv_env_GKSU_CFLAGS_set=
ac_cv_env_GKSU_CFLAGS_value=
ac_cv_env_GKSU_LIBS_set=
ac_cv_env_GKSU_LIBS_value=
ac_cv_env_LDFLAGS_set=set
ac_cv_env_LDFLAGS_value=-Wl,-O1,--sort-common,--as-needed,-z,relro,-z,now
ac_cv_env_LIBS_set=
ac_cv_env_LIBS_value=
ac_cv_env_NAUTILUS_CFLAGS_set=
ac_cv_env_NAUTILUS_CFLAGS_value=
ac_cv_env_NAUTILUS_LIBS_set=
ac_cv_env_NAUTILUS_LIBS_value=
ac_cv_env_PKG_CONFIG_set=
ac_cv_env_PKG_CONFIG_value=
ac_cv_env_build_alias_set=
ac_cv_env_build_alias_value=
ac_cv_env_host_alias_set=
ac_cv_env_host_alias_value=
ac_cv_env_target_alias_set=
ac_cv_env_target_alias_value=
ac_cv_f77_compiler_gnu=no
ac_cv_func_bind_textdomain_codeset=yes
ac_cv_func_dcgettext=yes
ac_cv_header_dlfcn_h=yes
ac_cv_header_inttypes_h=yes
ac_cv_header_libintl_h=yes
ac_cv_header_locale_h=yes
ac_cv_header_memory_h=yes
ac_cv_header_stdc=yes
ac_cv_header_stdint_h=yes
ac_cv_header_stdlib_h=yes
ac_cv_header_string_h=yes
ac_cv_header_strings_h=yes
ac_cv_header_sys_stat_h=yes
ac_cv_header_sys_types_h=yes
ac_cv_header_unistd_h=yes
ac_cv_host=x86_64-unknown-linux-gnu
ac_cv_objext=o
ac_cv_path_EGREP='/usr/bin/grep -E'
ac_cv_path_GCONFTOOL=/usr/bin/gconftool-2
ac_cv_path_GMSGFMT=/usr/bin/msgfmt
ac_cv_path_GREP=/usr/bin/grep
ac_cv_path_INTLTOOL_EXTRACT=/usr/bin/intltool-extract
ac_cv_path_INTLTOOL_MERGE=/usr/bin/intltool-merge
ac_cv_path_INTLTOOL_PERL=/usr/bin/perl
ac_cv_path_INTLTOOL_UPDATE=/usr/bin/intltool-update
ac_cv_path_MSGFMT=/usr/bin/msgfmt
ac_cv_path_MSGMERGE=/usr/bin/msgmerge
ac_cv_path_XGETTEXT=/usr/bin/xgettext
ac_cv_path_ac_pt_PKG_CONFIG=/usr/bin/pkg-config
ac_cv_path_install='/usr/bin/install -c'
ac_cv_prog_AWK=gawk
ac_cv_prog_CPP='gcc -E'
ac_cv_prog_CXXCPP='g++ -E'
ac_cv_prog_ac_ct_AR=ar
ac_cv_prog_ac_ct_CC=gcc
ac_cv_prog_ac_ct_CXX=g++
ac_cv_prog_ac_ct_RANLIB=ranlib
ac_cv_prog_ac_ct_STRIP=strip
ac_cv_prog_cc_c89=
ac_cv_prog_cc_g=yes
ac_cv_prog_cxx_g=yes
ac_cv_prog_f77_g=no
ac_cv_prog_make_make_set=yes
am_cv_CC_dependencies_compiler_type=gcc3
am_cv_CXX_dependencies_compiler_type=gcc3
am_cv_val_LC_MESSAGES=yes
gt_cv_func_dgettext_libc=yes
gt_cv_func_dgettext_libintl=no
gt_cv_func_ngettext_libc=yes
gt_cv_have_gettext=yes
lt_cv_deplibs_check_method=pass_all
lt_cv_file_magic_cmd='$MAGIC_CMD'
lt_cv_file_magic_test_file=
lt_cv_ld_reload_flag=-r
lt_cv_objdir=.libs
lt_cv_path_LD=/usr/bin/ld
lt_cv_path_LDCXX='/usr/bin/ld -m elf_x86_64'
lt_cv_path_NM='/usr/bin/nm -B'
lt_cv_path_SED=/usr/bin/sed
lt_cv_prog_compiler_c_o=yes
lt_cv_prog_compiler_c_o_CXX=yes
lt_cv_prog_compiler_pic_works=yes
lt_cv_prog_compiler_pic_works_CXX=yes
lt_cv_prog_compiler_rtti_exceptions=no
lt_cv_prog_compiler_static_works=yes
lt_cv_prog_compiler_static_works_CXX=yes
lt_cv_prog_gnu_ld=yes
lt_cv_prog_gnu_ldcxx=yes
lt_cv_sys_global_symbol_pipe='sed -n -e '\''s/^.*[ 	]\([ABCDGIRSTW][ABCDGIRSTW]*\)[ 	][ 	]*\([_A-Za-z][_A-Za-z0-9]*\)$/\1 \2 \2/p'\'''
lt_cv_sys_global_symbol_to_c_name_address='sed -n -e '\''s/^: \([^ ]*\) $/  {\"\1\", (lt_ptr) 0},/p'\'' -e '\''s/^[BCDEGRST] \([^ ]*\) \([^ ]*\)$/  {"\2", (lt_ptr) \&\2},/p'\'''
lt_cv_sys_global_symbol_to_cdecl='sed -n -e '\''s/^. .* \(.*\)$/extern int \1;/p'\'''
lt_cv_sys_lib_dlsearch_path_spec='/lib /usr/lib /usr/lib/libfakeroot /usr/lib32 '
lt_cv_sys_lib_search_path_spec='/usr/lib/gcc/x86_64-pc-linux-gnu/12.2.0 /usr/lib /lib'
lt_cv_sys_max_cmd_len=1572864
lt_lt_cv_prog_compiler_c_o='"yes"'
lt_lt_cv_prog_compiler_c_o_CXX='"yes"'
lt_lt_cv_sys_global_symbol_pipe='"sed -n -e '\''s/^.*[ 	]\\([ABCDGIRSTW][ABCDGIRSTW]*\\)[ 	][ 	]*\\([_A-Za-z][_A-Za-z0-9]*\\)\$/\\1 \\2 \\2/p'\''"'
lt_lt_cv_sys_global_symbol_to_c_name_address='"sed -n -e '\''s/^: \\([^ ]*\\) \$/  {\\\"\\1\\\", (lt_ptr) 0},/p'\'' -e '\''s/^[BCDEGRST] \\([^ ]*\\) \\([^ ]*\\)\$/  {\"\\2\", (lt_ptr) \\&\\2},/p'\''"'
lt_lt_cv_sys_global_symbol_to_cdecl='"sed -n -e '\''s/^. .* \\(.*\\)\$/extern int \\1;/p'\''"'
pkg_cv_GKSU_CFLAGS='-I/usr/include/libgksu -I/usr/include/glib-2.0 -I/usr/lib/glib-2.0/include -I/usr/include/sysprof-4 -I/usr/include/startup-notification-1.0 -I/usr/include/gnome-keyring-1 -I/usr/include/gconf/2 -I/usr/include/dbus-1.0 -I/usr/lib/dbus-1.0/include -I/usr/include/libmount -I/usr/include/blkid -I/usr/include/gtk-2.0 -I/usr/lib/gtk-2.0/include -I/usr/include/pango-1.0 -I/usr/include/harfbuzz -I/usr/include/freetype2 -I/usr/include/libpng16 -I/usr/include/fribidi -I/usr/include/cairo -I/usr/include/lzo -I/usr/include/pixman-1 -I/usr/include/gdk-pixbuf-2.0 -I/usr/include/atk-1.0 -pthread '
pkg_cv_GKSU_LIBS='-lgksu2 -lstartup-notification-1 -lgnome-keyring -lgconf-2 -lgtk-x11-2.0 -lgdk-x11-2.0 -lpangocairo-1.0 -latk-1.0 -lcairo -lgdk_pixbuf-2.0 -lgio-2.0 -lpangoft2-1.0 -lpango-1.0 -lgobject-2.0 -lglib-2.0 -lharfbuzz -lfontconfig -lfreetype '

## ----------------- ##
## Output variables. ##
## ----------------- ##

ACLOCAL='${SHELL} /home/ben/stormos/x86_64/gksu/src/gksu-2.0.2/missing --run aclocal-1.9'
ALL_LINGUAS='ar ca cs da de es fr gl hu it ja ko lt pl pt pt_BR ro ru nb nl sk sv xh th zh_CN'
AMDEPBACKSLASH='\'
AMDEP_FALSE='#'
AMDEP_TRUE=''
AMTAR='${SHELL} /home/ben/stormos/x86_64/gksu/src/gksu-2.0.2/missing --run tar'
AR='ar'
AUTOCONF='${SHELL} /home/ben/stormos/x86_64/gksu/src/gksu-2.0.2/missing --run autoconf'
AUTOHEADER='${SHELL} /home/ben/stormos/x86_64/gksu/src/gksu-2.0.2/missing --run autoheader'
AUTOMAKE='${SHELL} /home/ben/stormos/x86_64/gksu/src/gksu-2.0.2/missing --run automake-1.9'
AWK='gawk'
CATALOGS=' ar.gmo ca.gmo cs.gmo da.gmo de.gmo es.gmo fr.gmo gl.gmo hu.gmo it.gmo ja.gmo ko.gmo lt.gmo pl.gmo pt.gmo pt_BR.gmo ro.gmo ru.gmo nb.gmo nl.gmo sk.gmo sv.gmo xh.gmo th.gmo zh_CN.gmo'
CATOBJEXT='.gmo'
CC='gcc'
CCDEPMODE='depmode=gcc3'
CFLAGS='-march=x86-64 -mtune=generic -O2 -pipe -fno-plt -fexceptions         -Wp,-D_FORTIFY_SOURCE=2 -Wformat -Werror=format-security         -fstack-clash-protection -fcf-protection'
CPP='gcc -E'
CPPFLAGS=''
CXX='g++'
CXXCPP='g++ -E'
CXXDEPMODE='depmode=gcc3'
CXXFLAGS='-march=x86-64 -mtune=generic -O2 -pipe -fno-plt -fexceptions         -Wp,-D_FORTIFY_SOURCE=2 -Wformat -Werror=format-security         -fstack-clash-protection -fcf-protection -Wp,-D_GLIBCXX_ASSERTIONS'
CYGPATH_W='echo'
DATADIRNAME='share'
DEFS='-DHAVE_CONFIG_H'
DEPDIR='.deps'
DSYMUTIL=''
ECHO='echo'
ECHO_C=''
ECHO_N='-n'
ECHO_T=''
EGREP='/usr/bin/grep -E'
ENABLE_GTK_DOC_FALSE='#'
ENABLE_GTK_DOC_TRUE=''
ENABLE_NAUTILUS_EXTENSION_FALSE=''
ENABLE_NAUTILUS_EXTENSION_TRUE='#'
EXEEXT=''
F77=''
FFLAGS=''
GCONFTOOL='/usr/bin/gconftool-2'
GCONF_SCHEMAS_INSTALL_FALSE='#'
GCONF_SCHEMAS_INSTALL_TRUE=''
GCONF_SCHEMA_CONFIG_SOURCE='xml:merged:/etc/gconf/gconf.xml.defaults'
GCONF_SCHEMA_FILE_DIR='$(sysconfdir)/gconf/schemas'
GETTEXT_PACKAGE='gksu'
GKSU_CFLAGS='-I/usr/include/libgksu -I/usr/include/glib-2.0 -I/usr/lib/glib-2.0/include -I/usr/include/sysprof-4 -I/usr/include/startup-notification-1.0 -I/usr/include/gnome-keyring-1 -I/usr/include/gconf/2 -I/usr/include/dbus-1.0 -I/usr/lib/dbus-1.0/include -I/usr/include/libmount -I/usr/include/blkid -I/usr/include/gtk-2.0 -I/usr/lib/gtk-2.0/include -I/usr/include/pango-1.0 -I/usr/include/harfbuzz -I/usr/include/freetype2 -I/usr/include/libpng16 -I/usr/include/fribidi -I/usr/include/cairo -I/usr/include/lzo -I/usr/include/pixman-1 -I/usr/include/gdk-pixbuf-2.0 -I/usr/include/atk-1.0 -pthread '
GKSU_LIBS='-lgksu2 -lstartup-notification-1 -lgnome-keyring -lgconf-2 -lgtk-x11-2.0 -lgdk-x11-2.0 -lpangocairo-1.0 -latk-1.0 -lcairo -lgdk_pixbuf-2.0 -lgio-2.0 -lpangoft2-1.0 -lpango-1.0 -lgobject-2.0 -lglib-2.0 -lharfbuzz -lfontconfig -lfreetype '
GMOFILES=' ar.gmo ca.gmo cs.gmo da.gmo de.gmo es.gmo fr.gmo gl.gmo hu.gmo it.gmo ja.gmo ko.gmo lt.gmo pl.gmo pt.gmo pt_BR.gmo ro.gmo ru.gmo nb.gmo nl.gmo sk.gmo sv.gmo xh.gmo th.gmo zh_CN.gmo'
GMSGFMT='/usr/bin/msgfmt'
GREP='/usr/bin/grep'
GTK_DOC_USE_LIBTOOL_FALSE=''
GTK_DOC_USE_LIBTOOL_TRUE='#'
HTML_DIR='${datadir}/gtk-doc/html'
INSTALL_DATA='${INSTALL} -m 644'
INSTALL_PROGRAM='${INSTALL}'
INSTALL_SCRIPT='${INSTALL}'
INSTALL_STRIP_PROGRAM='${SHELL} $(install_sh) -c -s'
INSTOBJEXT='.mo'
INTLLIBS=''
INTLTOOL_CAVES_RULE='%.caves:     %.caves.in     $(INTLTOOL_MERGE) $(wildcard $(top_srcdir)/po/*.po) ; LC_ALL=C $(INTLTOOL_MERGE) -d -u -c $(top_builddir)/po/.intltool-merge-cache $(top_srcdir)/po $< $@'
INTLTOOL_DESKTOP_RULE='%.desktop:   %.desktop.in   $(INTLTOOL_MERGE) $(wildcard $(top_srcdir)/po/*.po) ; LC_ALL=C $(INTLTOOL_MERGE) -d -u -c $(top_builddir)/po/.intltool-merge-cache $(top_srcdir)/po $< $@'
INTLTOOL_DIRECTORY_RULE='%.directory: %.directory.in $(INTLTOOL_MERGE) $(wildcard $(top_srcdir)/po/*.po) ; LC_ALL=C $(INTLTOOL_MERGE) -d -u -c $(top_builddir)/po/.intltool-merge-cache $(top_srcdir)/po $< $@'
INTLTOOL_EXTRACT='/usr/bin/intltool-extract'
INTLTOOL_KBD_RULE='%.kbd:       %.kbd.in       $(INTLTOOL_MERGE) $(wildcard $(top_srcdir)/po/*.po) ; LC_ALL=C $(INTLTOOL_MERGE) -x -u -m -c $(top_builddir)/po/.intltool-merge-cache $(top_srcdir)/po $< $@'
INTLTOOL_KEYS_RULE='%.keys:      %.keys.in      $(INTLTOOL_MERGE) $(wildcard $(top_srcdir)/po/*.po) ; LC_ALL=C $(INTLTOOL_MERGE) -k -u -c $(top_builddir)/po/.intltool-merge-cache $(top_srcdir)/po $< $@'
INTLTOOL_MERGE='/usr/bin/intltool-merge'
INTLTOOL_OAF_RULE='%.oaf:       %.oaf.in       $(INTLTOOL_MERGE) $(wildcard $(top_srcdir)/po/*.po) ; LC_ALL=C $(INTLTOOL_MERGE) -o -p $(top_srcdir)/po $< $@'
INTLTOOL_PERL='/usr/bin/perl'
INTLTOOL_POLICY_RULE='%.policy:    %.policy.in    $(INTLTOOL_MERGE) $(wildcard $(top_srcdir)/po/*.po) ; LC_ALL=C $(INTLTOOL_MERGE) -x -u -c $(top_builddir)/po/.intltool-merge-cache $(top_srcdir)/po $< $@'
INTLTOOL_PONG_RULE='%.pong:      %.pong.in      $(INTLTOOL_MERGE) $(wildcard $(top_srcdir)/po/*.po) ; LC_ALL=C $(INTLTOOL_MERGE) -x -u -c $(top_builddir)/po/.intltool-merge-cache $(top_srcdir)/po $< $@'
INTLTOOL_PROP_RULE='%.prop:      %.prop.in      $(INTLTOOL_MERGE) $(wildcard $(top_srcdir)/po/*.po) ; LC_ALL=C $(INTLTOOL_MERGE) -d -u -c $(top_builddir)/po/.intltool-merge-cache $(top_srcdir)/po $< $@'
INTLTOOL_SCHEMAS_RULE='%.schemas:   %.schemas.in   $(INTLTOOL_MERGE) $(wildcard $(top_srcdir)/po/*.po) ; LC_ALL=C $(INTLTOOL_MERGE) -s -u -c $(top_builddir)/po/.intltool-merge-cache $(top_srcdir)/po $< $@'
INTLTOOL_SERVER_RULE='%.server:    %.server.in    $(INTLTOOL_MERGE) $(wildcard $(top_srcdir)/po/*.po) ; LC_ALL=C $(INTLTOOL_MERGE) -o -u -c $(top_builddir)/po/.intltool-merge-cache $(top_srcdir)/po $< $@'
INTLTOOL_SERVICE_RULE='%.service: %.service.in   $(INTLTOOL_MERGE) $(wildcard $(top_srcdir)/po/*.po) ; LC_ALL=C $(INTLTOOL_MERGE) -d -u -c $(top_builddir)/po/.intltool-merge-cache $(top_srcdir)/po $< $@'
INTLTOOL_SHEET_RULE='%.sheet:     %.sheet.in     $(INTLTOOL_MERGE) $(wildcard $(top_srcdir)/po/*.po) ; LC_ALL=C $(INTLTOOL_MERGE) -x -u -c $(top_builddir)/po/.intltool-merge-cache $(top_srcdir)/po $< $@'
INTLTOOL_SOUNDLIST_RULE='%.soundlist: %.soundlist.in $(INTLTOOL_MERGE) $(wildcard $(top_srcdir)/po/*.po) ; LC_ALL=C $(INTLTOOL_MERGE) -d -u -c $(top_builddir)/po/.intltool-merge-cache $(top_srcdir)/po $< $@'
INTLTOOL_THEME_RULE='%.theme:     %.theme.in     $(INTLTOOL_MERGE) $(wildcard $(top_srcdir)/po/*.po) ; LC_ALL=C $(INTLTOOL_MERGE) -d -u -c $(top_builddir)/po/.intltool-merge-cache $(top_srcdir)/po $< $@'
INTLTOOL_UI_RULE='%.ui:        %.ui.in        $(INTLTOOL_MERGE) $(wildcard $(top_srcdir)/po/*.po) ; LC_ALL=C $(INTLTOOL_MERGE) -x -u -c $(top_builddir)/po/.intltool-merge-cache $(top_srcdir)/po $< $@'
INTLTOOL_UPDATE='/usr/bin/intltool-update'
INTLTOOL_XAM_RULE='%.xam:       %.xml.in       $(INTLTOOL_MERGE) $(wildcard $(top_srcdir)/po/*.po) ; LC_ALL=C $(INTLTOOL_MERGE) -x -u -c $(top_builddir)/po/.intltool-merge-cache $(top_srcdir)/po $< $@'
INTLTOOL_XML_NOMERGE_RULE='%.xml:       %.xml.in       $(INTLTOOL_MERGE) ; LC_ALL=C $(INTLTOOL_MERGE) -x -u /tmp $< $@'
INTLTOOL_XML_RULE='%.xml:       %.xml.in       $(INTLTOOL_MERGE) $(wildcard $(top_srcdir)/po/*.po) ; LC_ALL=C $(INTLTOOL_MERGE) -x -u -c $(top_builddir)/po/.intltool-merge-cache $(top_srcdir)/po $< $@'
LDFLAGS='-Wl,-O1,--sort-common,--as-needed,-z,relro,-z,now'
LIBOBJS=''
LIBS=''
LIBTOOL='$(SHELL) $(top_builddir)/libtool'
LN_S='ln -s'
LTLIBOBJS=''
MAINT='#'
MAINTAINER_MODE_FALSE=''
MAINTAINER_MODE_TRUE='#'
MAKEINFO='${SHELL} /home/ben/stormos/x86_64/gksu/src/gksu-2.0.2/missing --run makeinfo'
MKINSTALLDIRS='./mkinstalldirs'
MSGFMT='/usr/bin/msgfmt'
MSGFMT_OPTS='-c'
MSGMERGE='/usr/bin/msgmerge'
NAUTILUS_CFLAGS=''
NAUTILUS_LIBS=''
NMEDIT=''
OBJEXT='o'
PACKAGE='gksu'
PACKAGE_BUGREPORT='kov@debian.org'
PACKAGE_NAME='gksu'
PACKAGE_STRING='gksu 2.0.2'
PACKAGE_TARNAME='gksu'
PACKAGE_VERSION='2.0.2'
PATH_SEPARATOR=':'
PKG_CONFIG='/usr/bin/pkg-config'
POFILES=' ar.po ca.po cs.po da.po de.po es.po fr.po gl.po hu.po it.po ja.po ko.po lt.po pl.po pt.po pt_BR.po ro.po ru.po nb.po nl.po sk.po sv.po xh.po th.po zh_CN.po'
POSUB='po'
PO_IN_DATADIR_FALSE=''
PO_IN_DATADIR_TRUE=''
RANLIB='ranlib'
SED='/usr/bin/sed'
SET_MAKE=''
SHELL='/bin/sh'
STRIP='strip'
USE_NLS='yes'
VERSION='2.0.2'
XGETTEXT='/usr/bin/xgettext'
ac_ct_CC='gcc'
ac_ct_CXX='g++'
ac_ct_F77=''
am__fastdepCC_FALSE='#'
am__fastdepCC_TRUE=''
am__fastdepCXX_FALSE='#'
am__fastdepCXX_TRUE=''
am__include='include'
am__leading_dot='.'
am__quote=''
am__tar='${AMTAR} chof - "$$tardir"'
am__untar='${AMTAR} xf -'
bindir='${exec_prefix}/bin'
build='x86_64-unknown-linux-gnu'
build_alias=''
build_cpu='x86_64'
build_os='linux-gnu'
build_vendor='unknown'
datadir='${datarootdir}'
datarootdir='${prefix}/share'
docdir='${datarootdir}/doc/${PACKAGE_TARNAME}'
dvidir='${docdir}'
exec_prefix='${prefix}'
host='x86_64-unknown-linux-gnu'
host_alias=''
host_cpu='x86_64'
host_os='linux-gnu'
host_vendor='unknown'
htmldir='${docdir}'
includedir='${prefix}/include'
infodir='${datarootdir}/info'
install_sh='/home/ben/stormos/x86_64/gksu/src/gksu-2.0.2/install-sh'
libdir='${exec_prefix}/lib'
libexecdir='${exec_prefix}/libexec'
localedir='${datarootdir}/locale'
localstatedir='/var'
mandir='${datarootdir}/man'
mkdir_p='mkdir -p --'
oldincludedir='/usr/include'
pdfdir='${docdir}'
prefix='/usr'
program_transform_name='s,x,x,'
psdir='${docdir}'
sbindir='${exec_prefix}/sbin'
sharedstatedir='${prefix}/com'
sysconfdir='/etc'
target_alias=''

## ----------- ##
## confdefs.h. ##
## ----------- ##

#define PACKAGE_NAME "gksu"
#define PACKAGE_TARNAME "gksu"
#define PACKAGE_VERSION "2.0.2"
#define PACKAGE_STRING "gksu 2.0.2"
#define PACKAGE_BUGREPORT "kov@debian.org"
#define PACKAGE "gksu"
#define VERSION "2.0.2"
#define PACKAGE gksu
#define VERSION 2.0.2
#define GETTEXT_PACKAGE "gksu"
#define STDC_HEADERS 1
#define HAVE_SYS_TYPES_H 1
#define HAVE_SYS_STAT_H 1
#define HAVE_STDLIB_H 1
#define HAVE_STRING_H 1
#define HAVE_MEMORY_H 1
#define HAVE_STRINGS_H 1
#define HAVE_INTTYPES_H 1
#define HAVE_STDINT_H 1
#define HAVE_UNISTD_H 1
#define HAVE_DLFCN_H 1
#define HAVE_LOCALE_H 1
#define HAVE_LC_MESSAGES 1
#define HAVE_BIND_TEXTDOMAIN_CODESET 1
#define HAVE_GETTEXT 1
#define HAVE_DCGETTEXT 1
#define ENABLE_NLS 1

configure: exit 0
